time: 3.034
time: 3.926
time: 3.766
time: 4.022
time: 4.036
time: 4.147
time: 3.597
time: 5.535
time: 5.55
time: 4.869
time: 3.309
time: 4.686
time: 5.831
time: 4.544
time: 4.81
time: 4.775
time: 3.42
time: 5.599
time: 5.597
time: 5.606
time: 4.526
time: 4.653
time: 5.65
time: 4.535
time: 5.777
time: 4.538
time: 4.779
time: 4.513
time: 3.412
time: 2.523
time: 4.534
time: 6.781
time: 6.117
time: 5.863
time: 5.796
time: 3.31
time: 5.803
time: 6.934
time: 6.032
time: 7.029
time: 5.82
time: 4.852
time: 5.864
time: 5.778
time: 5.777
time: 4.65
time: 5.766
time: 6.928
time: 5.781
time: 7.07
time: 5.919
time: 4.698
time: 4.534
time: 4.551
time: 6.913
time: 5.79
time: 4.285
