time: 2.585
time: 2.672
time: 2.878
time: 3.364
time: 2.9
time: 2.798
time: 2.801
time: 2.882
time: 2.782
time: 2.786
time: 3.038
time: 2.861
time: 2.828
time: 2.611
time: 2.876
time: 2.773
time: 2.781
time: 2.886
time: 2.843
time: 3.57
time: 2.775
time: 3.181
time: 3.14
time: 3.031
time: 2.791
time: 3.044
time: 3.387
time: 2.835
time: 2.879
time: 3.114
time: 2.908
time: 2.821
time: 3.092
time: 3.36
time: 2.879
time: 2.805
time: 3.568
time: 3.121
time: 2.782
time: 2.817
time: 3.316
time: 2.793
time: 2.879
time: 2.867
time: 2.866
time: 3.781
time: 3.055
time: 3.268
time: 3.031
time: 2.841
time: 2.887
time: 2.897
time: 2.871
time: 4.617
time: 3.137
time: 2.93
time: 2.85
time: 2.784
time: 3.026
time: 3.022
time: 3.578
time: 3.064
time: 3.776
