time: 0.501
time: 0.501
time: 0.5
time: 0.5
time: 0.801
time: 0.791
time: 2.614
time: 2.607
time: 0.525
time: 2.776
time: 1.504
time: 1.503
time: 2.827
time: 2.613
time: 2.616
time: 2.775
time: 2.825
time: 2.78
time: 2.673
time: 2.625
time: 2.577
time: 2.58
time: 3.266
time: 2.762
time: 2.671
time: 2.598
time: 2.599
time: 2.519
time: 2.527
time: 2.52
time: 2.772
time: 2.512
time: 2.523
time: 2.525
time: 3.126
time: 2.527
time: 2.415
time: 2.637
time: 2.534
time: 2.56
time: 2.903
time: 2.664
time: 2.67
time: 2.617
time: 2.646
time: 2.65
time: 2.875
time: 2.798
time: 2.656
time: 2.526
time: 2.612
time: 2.583
time: 3.096
time: 2.651
time: 2.768
time: 2.53
time: 2.532
time: 2.774
time: 3.303
time: 2.643
time: 2.632
time: 2.649
time: 2.617
time: 2.601
time: 2.628
time: 2.551
