time: 2.781
time: 2.674
time: 2.602
time: 2.886
time: 3.03
time: 3.127
time: 3.038
time: 2.792
time: 2.935
time: 2.928
time: 2.888
time: 2.903
time: 3.374
time: 2.781
time: 3.039
time: 2.775
time: 2.876
time: 2.881
time: 3.042
time: 2.789
time: 2.803
time: 3.525
time: 2.829
time: 2.949
time: 2.629
time: 2.789
time: 2.893
time: 2.855
time: 3.056
time: 2.882
time: 2.566
time: 2.598
time: 2.666
time: 2.623
time: 2.936
time: 2.952
time: 3.791
time: 3.035
time: 2.819
time: 2.839
time: 3.805
time: 2.781
time: 2.913
time: 2.629
time: 2.682
time: 2.632
time: 2.901
time: 2.926
time: 2.889
time: 2.794
time: 2.798
time: 3.032
time: 3.567
time: 2.859
time: 3.041
time: 3.088
time: 4.536
time: 3.41
time: 2.942
time: 2.64
time: 2.774
time: 2.946
time: 3.143
time: 3.123
