time: 2.531
time: 2.564
time: 2.542
time: 2.529
time: 2.629
time: 2.798
time: 2.776
time: 2.77
time: 2.803
time: 2.684
time: 3.02
time: 2.788
time: 2.826
time: 2.791
time: 2.788
time: 2.78
time: 2.772
time: 2.791
time: 2.78
time: 2.771
time: 2.826
time: 2.876
time: 2.777
time: 2.772
time: 2.813
time: 2.821
time: 2.811
time: 2.787
time: 2.784
time: 2.781
time: 2.524
time: 2.545
time: 2.513
time: 2.803
time: 2.78
time: 3.312
time: 2.62
time: 2.868
time: 2.774
time: 2.866
time: 2.83
time: 2.855
time: 2.825
time: 2.786
time: 2.886
time: 2.657
time: 2.775
time: 2.834
time: 2.848
time: 2.921
time: 3.533
time: 2.868
time: 2.821
time: 2.769
time: 2.872
time: 2.529
time: 3.066
time: 2.589
time: 2.86
time: 2.598
