time: 2.67
time: 3.91
time: 3.159
time: 3.184
time: 3.126
time: 3.232
time: 3.278
time: 4.067
time: 3.152
time: 3.73
time: 3.112
time: 3.098
time: 3.126
time: 2.905
time: 3.107
time: 3.613
time: 3.158
time: 3.14
time: 3.212
time: 3.259
time: 3.153
time: 3.545
time: 3.094
time: 3.255
time: 3.134
time: 2.805
time: 2.66
time: 2.896
time: 3.822
time: 3.059
time: 3.186
time: 4.962
time: 4.493
time: 4.307
time: 6.567
time: 3.334
time: 3.147
time: 3.246
time: 3.09
time: 3.163
time: 3.223
time: 3.194
time: 3.225
time: 3.231
time: 3.108
time: 3.126
time: 2.967
time: 3.059
time: 3.208
time: 3.302
time: 3.361
time: 3.068
time: 3.172
time: 3.083
time: 3.255
time: 3.824
time: 3.167
time: 3.081
time: 3.147
time: 3.415
time: 3.367
time: 3.174
time: 3.884
time: 2.796
