time: 2.768
time: 2.605
time: 2.778
time: 2.924
time: 2.788
time: 3.032
time: 2.796
time: 3.337
time: 3.08
time: 2.797
time: 2.834
time: 2.791
time: 2.901
time: 2.897
time: 2.941
time: 2.777
time: 2.776
time: 2.955
time: 3.537
time: 2.917
time: 2.851
time: 2.774
time: 2.912
time: 3.034
time: 2.872
time: 3.018
time: 2.78
time: 3.04
time: 3.035
time: 2.538
time: 2.546
time: 2.542
time: 2.572
time: 2.772
time: 2.563
time: 2.913
time: 2.643
time: 2.579
time: 2.579
time: 3.018
time: 3.025
time: 2.944
time: 3.768
time: 2.794
time: 2.857
time: 2.951
time: 2.916
time: 3.084
time: 2.8
time: 3.034
time: 3.036
time: 3.662
time: 3.103
time: 2.905
time: 2.88
time: 3.525
time: 2.866
time: 3.082
time: 2.837
time: 2.599
time: 2.776
