time: 2.516
time: 2.425
time: 2.578
time: 2.588
time: 2.652
time: 2.617
time: 2.639
time: 3.192
time: 2.54
time: 2.647
time: 3.058
time: 3.033
time: 2.778
time: 2.536
time: 2.671
time: 2.651
time: 3.054
time: 2.638
time: 2.556
time: 2.633
time: 2.57
time: 3.16
time: 2.605
time: 2.573
time: 2.594
time: 2.569
time: 2.668
time: 3.277
time: 2.778
time: 2.409
time: 2.526
time: 2.529
time: 2.593
time: 2.766
time: 2.624
time: 2.605
time: 2.643
time: 2.769
time: 3.113
time: 3.284
time: 2.634
time: 2.764
time: 2.775
time: 3.126
time: 2.766
time: 2.526
time: 2.774
time: 2.674
time: 3.282
time: 2.833
time: 2.514
time: 2.567
time: 2.526
time: 2.662
time: 2.774
time: 2.787
time: 2.551
time: 2.774
time: 2.548
time: 2.527
time: 2.532
time: 2.522
