means = [2.421, 2.711, 2.785, 19.349, 3.337, 2.954,
3.547, 2.847, 4.797, 59.749, 3.222, 3.016,
48.310, 60, 46.959, 38.819, 58.982, 40.027]

std_devs = [0.689, 0.221, 0.171, 1.813, 0.572, 0.326,
4.954, 0.315, 0.620, 1.796, 0.629, 0.333,
11.046, 0, 9.829, 7.849, 18.225, 5.607]

bars_with_error(std_devs, means)
set(gca, 'XTickLabel', {'Personal', 'Farm', 'Community'})
legend('Naive', 'Periodic', 'Hybrid', 'Sensor', 'Load', 'Predictive')
ylabel('latency per request (seconds)')

**********************************

community-naive.log
average : 48.3095
standard deviation : 11.0462529598

community-periodic.log
Traceback (most recent call last):
  File "get_statistics.py", line 9, in <module>
    average = sum(times)/len(times)
ZeroDivisionError: integer division or modulo by zero

community-hybrid.log
average : 46.9594210526
standard deviation : 9.82917429174

community-sensor.log
average : 38.8188928571
standard deviation : 7.84857618293

community-load.log
average : 58.9818
standard deviation : 18.225

community-predictive.log
average : 40.0279032258
standard deviation : 5.6070666981

**********************************

farm-naive.log
average : 3.54716129032
standard deviation : 4.95386835167

farm-periodic.log
average : 2.84678461538
standard deviation : 0.314873659798

farm-hybrid.log
average : 4.79691803279
standard deviation : 0.620244260892

farm-sensor.log
average : 59.7486923077
standard deviation : 11.9381201576

farm-load.log
average : 3.222
standard deviation : 0.629

farm-predictive.log
average : 3.01557142857
standard deviation : 0.333249964997

**********************************

personal-naive.log
average : 2.42093939394
standard deviation : 0.688957515242

personal-periodic.log
average : 2.71120967742
standard deviation : 0.221363519519

personal-hybrid.log
average : 2.78513333333
standard deviation : 0.170807500596

personal-sensor.log
average : 19.34909375
standard deviation : 5.4642306802

personal-load.log
average : 3.337
standard deviation : 0.573

personal-predictive.log
average : 2.953546875
standard deviation : 0.327578219409
