No matching processes belonging to you were found
./run-me.sh: line 5: 80411 Terminated: 15          python fake_sensors.py $sensornum $sensordelay > experiment-results/$gardentype-$scheduler-fs.log 2> experiment-results/$gardentype-$scheduler-fs.err
./run-me.sh: line 5: 80412 Terminated: 15          python fake_clients.py $clientnum $plantsperclient $clientdelay > experiment-results/$gardentype-$scheduler.log 2> experiment-results/$gardentype-$scheduler.err
No matching processes belonging to you were found
./run-me.sh: line 5: 80581 Terminated: 15          python fake_sensors.py $sensornum $sensordelay > experiment-results/$gardentype-$scheduler-fs.log 2> experiment-results/$gardentype-$scheduler-fs.err
./run-me.sh: line 5: 80582 Terminated: 15          python fake_clients.py $clientnum $plantsperclient $clientdelay > experiment-results/$gardentype-$scheduler.log 2> experiment-results/$gardentype-$scheduler.err
./run-me.sh: line 40: kill: (80743) - No such process
./run-me.sh: line 5: 80744 Terminated: 15          python fake_clients.py $clientnum $plantsperclient $clientdelay > experiment-results/$gardentype-$scheduler.log 2> experiment-results/$gardentype-$scheduler.err
python: no process found
No matching processes belonging to you were found
./run-me.sh: line 5: 80908 Terminated: 15          python fake_sensors.py $sensornum $sensordelay > experiment-results/$gardentype-$scheduler-fs.log 2> experiment-results/$gardentype-$scheduler-fs.err
./run-me.sh: line 5: 80909 Terminated: 15          python fake_clients.py $clientnum $plantsperclient $clientdelay > experiment-results/$gardentype-$scheduler.log 2> experiment-results/$gardentype-$scheduler.err
No matching processes belonging to you were found
./run-me.sh: line 5: 81064 Terminated: 15          python fake_sensors.py $sensornum $sensordelay > experiment-results/$gardentype-$scheduler-fs.log 2> experiment-results/$gardentype-$scheduler-fs.err
./run-me.sh: line 5: 81065 Terminated: 15          python fake_clients.py $clientnum $plantsperclient $clientdelay > experiment-results/$gardentype-$scheduler.log 2> experiment-results/$gardentype-$scheduler.err
./run-me.sh: line 40: kill: (81236) - No such process
./run-me.sh: line 5: 81237 Terminated: 15          python fake_clients.py $clientnum $plantsperclient $clientdelay > experiment-results/$gardentype-$scheduler.log 2> experiment-results/$gardentype-$scheduler.err
python: no process found
No matching processes belonging to you were found
./run-me.sh: line 5: 81341 Terminated: 15          python fake_sensors.py $sensornum $sensordelay > experiment-results/$gardentype-$scheduler-fs.log 2> experiment-results/$gardentype-$scheduler-fs.err
./run-me.sh: line 5: 81342 Terminated: 15          python fake_clients.py $clientnum $plantsperclient $clientdelay > experiment-results/$gardentype-$scheduler.log 2> experiment-results/$gardentype-$scheduler.err
No matching processes belonging to you were found
./run-me.sh: line 5: 81518 Terminated: 15          python fake_sensors.py $sensornum $sensordelay > experiment-results/$gardentype-$scheduler-fs.log 2> experiment-results/$gardentype-$scheduler-fs.err
./run-me.sh: line 5: 81519 Terminated: 15          python fake_clients.py $clientnum $plantsperclient $clientdelay > experiment-results/$gardentype-$scheduler.log 2> experiment-results/$gardentype-$scheduler.err
./run-me.sh: line 40: kill: (81665) - No such process
./run-me.sh: line 5: 81666 Terminated: 15          python fake_clients.py $clientnum $plantsperclient $clientdelay > experiment-results/$gardentype-$scheduler.log 2> experiment-results/$gardentype-$scheduler.err
python: no process found
./run-me.sh: line 5: 81791 Terminated: 15          python fake_sensors.py $sensornum $sensordelay > experiment-results/$gardentype-$scheduler-fs.log 2> experiment-results/$gardentype-$scheduler-fs.err
./run-me.sh: line 5: 81792 Terminated: 15          python fake_clients.py $clientnum $plantsperclient $clientdelay > experiment-results/$gardentype-$scheduler.log 2> experiment-results/$gardentype-$scheduler.err
No matching processes belonging to you were found
./run-me.sh: line 5: 81942 Terminated: 15          python fake_sensors.py $sensornum $sensordelay > experiment-results/$gardentype-$scheduler-fs.log 2> experiment-results/$gardentype-$scheduler-fs.err
./run-me.sh: line 5: 81943 Terminated: 15          python fake_clients.py $clientnum $plantsperclient $clientdelay > experiment-results/$gardentype-$scheduler.log 2> experiment-results/$gardentype-$scheduler.err
./run-me.sh: line 40: kill: (82100) - No such process
./run-me.sh: line 5: 82101 Terminated: 15          python fake_clients.py $clientnum $plantsperclient $clientdelay > experiment-results/$gardentype-$scheduler.log 2> experiment-results/$gardentype-$scheduler.err
python: no process found
No matching processes belonging to you were found
./run-me.sh: line 5: 82514 Terminated: 15          python fake_sensors.py $sensornum $sensordelay > experiment-results/$gardentype-$scheduler-fs.log 2> experiment-results/$gardentype-$scheduler-fs.err
./run-me.sh: line 5: 82515 Terminated: 15          python fake_clients.py $clientnum $plantsperclient $clientdelay > experiment-results/$gardentype-$scheduler.log 2> experiment-results/$gardentype-$scheduler.err
No matching processes belonging to you were found
./run-me.sh: line 5: 82672 Terminated: 15          python fake_sensors.py $sensornum $sensordelay > experiment-results/$gardentype-$scheduler-fs.log 2> experiment-results/$gardentype-$scheduler-fs.err
./run-me.sh: line 5: 82673 Terminated: 15          python fake_clients.py $clientnum $plantsperclient $clientdelay > experiment-results/$gardentype-$scheduler.log 2> experiment-results/$gardentype-$scheduler.err
./run-me.sh: line 40: kill: (82829) - No such process
./run-me.sh: line 5: 82830 Terminated: 15          python fake_clients.py $clientnum $plantsperclient $clientdelay > experiment-results/$gardentype-$scheduler.log 2> experiment-results/$gardentype-$scheduler.err
python: no process found
No matching processes belonging to you were found
./run-me.sh: line 5: 83004 Terminated: 15          python fake_sensors.py $sensornum $sensordelay > experiment-results/$gardentype-$scheduler-fs.log 2> experiment-results/$gardentype-$scheduler-fs.err
./run-me.sh: line 5: 83005 Terminated: 15          python fake_clients.py $clientnum $plantsperclient $clientdelay > experiment-results/$gardentype-$scheduler.log 2> experiment-results/$gardentype-$scheduler.err
No matching processes belonging to you were found
./run-me.sh: line 5: 83149 Terminated: 15          python fake_sensors.py $sensornum $sensordelay > experiment-results/$gardentype-$scheduler-fs.log 2> experiment-results/$gardentype-$scheduler-fs.err
./run-me.sh: line 5: 83150 Terminated: 15          python fake_clients.py $clientnum $plantsperclient $clientdelay > experiment-results/$gardentype-$scheduler.log 2> experiment-results/$gardentype-$scheduler.err
./run-me.sh: line 40: kill: (83305) - No such process
./run-me.sh: line 5: 83306 Terminated: 15          python fake_clients.py $clientnum $plantsperclient $clientdelay > experiment-results/$gardentype-$scheduler.log 2> experiment-results/$gardentype-$scheduler.err
python: no process found
